Determining if the pthread_create exist failed with the following output:
Change Dir: /home/rpr2264a/pbrt-adaptive/build/CMakeFiles/CMakeTmp

Run Build Command:"/usr/bin/gmake" "cmTC_7fa95/fast"
gmake: Avertissement : le fichier « Makefile » a une date de modification 3240 s dans le futur
/usr/bin/gmake -f CMakeFiles/cmTC_7fa95.dir/build.make CMakeFiles/cmTC_7fa95.dir/build
gmake[1] : on entre dans le répertoire « /home/rpr2264a/pbrt-adaptive/build/CMakeFiles/CMakeTmp »
gmake[1]: Avertissement : le fichier « CMakeFiles/cmTC_7fa95.dir/flags.make » a une date de modification 3240 s dans le futur
Building C object CMakeFiles/cmTC_7fa95.dir/CheckSymbolExists.c.o
/usr/lib64/ccache/cc    -o CMakeFiles/cmTC_7fa95.dir/CheckSymbolExists.c.o   -c /home/rpr2264a/pbrt-adaptive/build/CMakeFiles/CMakeTmp/CheckSymbolExists.c
Linking C executable cmTC_7fa95
/usr/bin/cmake -E cmake_link_script CMakeFiles/cmTC_7fa95.dir/link.txt --verbose=1
/usr/lib64/ccache/cc      -rdynamic CMakeFiles/cmTC_7fa95.dir/CheckSymbolExists.c.o  -o cmTC_7fa95 
CMakeFiles/cmTC_7fa95.dir/CheckSymbolExists.c.o : Dans la fonction « main » :
CheckSymbolExists.c:(.text+0x16) : référence indéfinie vers « pthread_create »
collect2: error: ld a retourné le statut de sortie 1
gmake[1]: *** [CMakeFiles/cmTC_7fa95.dir/build.make:87: cmTC_7fa95] Error 1
gmake[1] : on quitte le répertoire « /home/rpr2264a/pbrt-adaptive/build/CMakeFiles/CMakeTmp »
gmake: *** [Makefile:126: cmTC_7fa95/fast] Error 2

File /home/rpr2264a/pbrt-adaptive/build/CMakeFiles/CMakeTmp/CheckSymbolExists.c:
/* */
#include <pthread.h>

int main(int argc, char** argv)
{
  (void)argv;
#ifndef pthread_create
  return ((int*)(&pthread_create))[argc];
#else
  (void)argc;
  return 0;
#endif
}

Determining if the function pthread_create exists in the pthreads failed with the following output:
Change Dir: /home/rpr2264a/pbrt-adaptive/build/CMakeFiles/CMakeTmp

Run Build Command:"/usr/bin/gmake" "cmTC_8e89f/fast"
gmake: Avertissement : le fichier « Makefile » a une date de modification 3240 s dans le futur
/usr/bin/gmake -f CMakeFiles/cmTC_8e89f.dir/build.make CMakeFiles/cmTC_8e89f.dir/build
gmake[1] : on entre dans le répertoire « /home/rpr2264a/pbrt-adaptive/build/CMakeFiles/CMakeTmp »
gmake[1]: Avertissement : le fichier « CMakeFiles/cmTC_8e89f.dir/flags.make » a une date de modification 3240 s dans le futur
Building C object CMakeFiles/cmTC_8e89f.dir/CheckFunctionExists.c.o
/usr/lib64/ccache/cc   -DCHECK_FUNCTION_EXISTS=pthread_create   -o CMakeFiles/cmTC_8e89f.dir/CheckFunctionExists.c.o   -c /usr/share/cmake/Modules/CheckFunctionExists.c
Linking C executable cmTC_8e89f
/usr/bin/cmake -E cmake_link_script CMakeFiles/cmTC_8e89f.dir/link.txt --verbose=1
/usr/lib64/ccache/cc  -DCHECK_FUNCTION_EXISTS=pthread_create    -rdynamic CMakeFiles/cmTC_8e89f.dir/CheckFunctionExists.c.o  -o cmTC_8e89f -lpthreads 
/usr/bin/ld : ne peut trouver -lpthreads
collect2: error: ld a retourné le statut de sortie 1
gmake[1]: *** [CMakeFiles/cmTC_8e89f.dir/build.make:87: cmTC_8e89f] Error 1
gmake[1] : on quitte le répertoire « /home/rpr2264a/pbrt-adaptive/build/CMakeFiles/CMakeTmp »
gmake: *** [Makefile:126: cmTC_8e89f/fast] Error 2


Performing C++ SOURCE FILE Test HAVE_DECLSPEC_NOINLINE failed with the following output:
Change Dir: /home/rpr2264a/pbrt-adaptive/build/CMakeFiles/CMakeTmp

Run Build Command:"/usr/bin/gmake" "cmTC_0255b/fast"
gmake: Avertissement : le fichier « Makefile » a une date de modification 3240 s dans le futur
/usr/bin/gmake -f CMakeFiles/cmTC_0255b.dir/build.make CMakeFiles/cmTC_0255b.dir/build
gmake[1] : on entre dans le répertoire « /home/rpr2264a/pbrt-adaptive/build/CMakeFiles/CMakeTmp »
gmake[1]: Avertissement : le fichier « CMakeFiles/cmTC_0255b.dir/flags.make » a une date de modification 3240 s dans le futur
Building CXX object CMakeFiles/cmTC_0255b.dir/src.cxx.o
/usr/lib64/ccache/c++    -std=gnu++11 -Wno-conversion-null -DHAVE_DECLSPEC_NOINLINE   -o CMakeFiles/cmTC_0255b.dir/src.cxx.o -c /home/rpr2264a/pbrt-adaptive/build/CMakeFiles/CMakeTmp/src.cxx
/home/rpr2264a/pbrt-adaptive/build/CMakeFiles/CMakeTmp/src.cxx:1:11: error: expected constructor, destructor, or type conversion before « ( » token
 __declspec(noinline) void foo() { }
           ^
gmake[1]: *** [CMakeFiles/cmTC_0255b.dir/build.make:66: CMakeFiles/cmTC_0255b.dir/src.cxx.o] Error 1
gmake[1] : on quitte le répertoire « /home/rpr2264a/pbrt-adaptive/build/CMakeFiles/CMakeTmp »
gmake: *** [Makefile:126: cmTC_0255b/fast] Error 2

Source file was:
__declspec(noinline) void foo() { }
int main() { }
Performing C++ SOURCE FILE Test HAVE__ALIGNED_MALLOC failed with the following output:
Change Dir: /home/rpr2264a/pbrt-adaptive/build/CMakeFiles/CMakeTmp

Run Build Command:"/usr/bin/gmake" "cmTC_19a92/fast"
gmake: Avertissement : le fichier « Makefile » a une date de modification 3240 s dans le futur
/usr/bin/gmake -f CMakeFiles/cmTC_19a92.dir/build.make CMakeFiles/cmTC_19a92.dir/build
gmake[1] : on entre dans le répertoire « /home/rpr2264a/pbrt-adaptive/build/CMakeFiles/CMakeTmp »
gmake[1]: Avertissement : le fichier « CMakeFiles/cmTC_19a92.dir/flags.make » a une date de modification 3240 s dans le futur
Building CXX object CMakeFiles/cmTC_19a92.dir/src.cxx.o
/usr/lib64/ccache/c++    -std=gnu++11 -Wno-conversion-null -DHAVE__ALIGNED_MALLOC   -o CMakeFiles/cmTC_19a92.dir/src.cxx.o -c /home/rpr2264a/pbrt-adaptive/build/CMakeFiles/CMakeTmp/src.cxx
/home/rpr2264a/pbrt-adaptive/build/CMakeFiles/CMakeTmp/src.cxx: Dans la fonction « int main() »:
/home/rpr2264a/pbrt-adaptive/build/CMakeFiles/CMakeTmp/src.cxx:3:27: error: « _aligned_malloc » n'a pas été déclaré dans cette portée
 int main() { void * ptr = _aligned_malloc(1024, 32); }
                           ^~~~~~~~~~~~~~~
/home/rpr2264a/pbrt-adaptive/build/CMakeFiles/CMakeTmp/src.cxx:3:27: note: alternatives suggérées: « __builtin_malloc »
 int main() { void * ptr = _aligned_malloc(1024, 32); }
                           ^~~~~~~~~~~~~~~
                           __builtin_malloc
gmake[1]: *** [CMakeFiles/cmTC_19a92.dir/build.make:66: CMakeFiles/cmTC_19a92.dir/src.cxx.o] Error 1
gmake[1] : on quitte le répertoire « /home/rpr2264a/pbrt-adaptive/build/CMakeFiles/CMakeTmp »
gmake: *** [Makefile:126: cmTC_19a92/fast] Error 2

Source file was:

#include <malloc.h>
int main() { void * ptr = _aligned_malloc(1024, 32); }

Performing C++ SOURCE FILE Test HAVE_DECLSPEC_THREAD failed with the following output:
Change Dir: /home/rpr2264a/pbrt-adaptive/build/CMakeFiles/CMakeTmp

Run Build Command:"/usr/bin/gmake" "cmTC_780d8/fast"
gmake: Avertissement : le fichier « Makefile » a une date de modification 3240 s dans le futur
/usr/bin/gmake -f CMakeFiles/cmTC_780d8.dir/build.make CMakeFiles/cmTC_780d8.dir/build
gmake[1] : on entre dans le répertoire « /home/rpr2264a/pbrt-adaptive/build/CMakeFiles/CMakeTmp »
gmake[1]: Avertissement : le fichier « CMakeFiles/cmTC_780d8.dir/flags.make » a une date de modification 3240 s dans le futur
Building CXX object CMakeFiles/cmTC_780d8.dir/src.cxx.o
/usr/lib64/ccache/c++    -std=gnu++11 -Wno-conversion-null -DHAVE_DECLSPEC_THREAD   -o CMakeFiles/cmTC_780d8.dir/src.cxx.o -c /home/rpr2264a/pbrt-adaptive/build/CMakeFiles/CMakeTmp/src.cxx
/home/rpr2264a/pbrt-adaptive/build/CMakeFiles/CMakeTmp/src.cxx:2:11: error: expected constructor, destructor, or type conversion before « ( » token
 __declspec(thread) int x; int main() { }
           ^
gmake[1]: *** [CMakeFiles/cmTC_780d8.dir/build.make:66: CMakeFiles/cmTC_780d8.dir/src.cxx.o] Error 1
gmake[1] : on quitte le répertoire « /home/rpr2264a/pbrt-adaptive/build/CMakeFiles/CMakeTmp »
gmake: *** [Makefile:126: cmTC_780d8/fast] Error 2

Source file was:

__declspec(thread) int x; int main() { }

Determining if the include file libunwind.h exists failed with the following output:
Change Dir: /home/rpr2264a/pbrt-adaptive/build/CMakeFiles/CMakeTmp

Run Build Command:"/usr/bin/gmake" "cmTC_2e579/fast"
gmake: Avertissement : le fichier « Makefile » a une date de modification 3240 s dans le futur
/usr/bin/gmake -f CMakeFiles/cmTC_2e579.dir/build.make CMakeFiles/cmTC_2e579.dir/build
gmake[1] : on entre dans le répertoire « /home/rpr2264a/pbrt-adaptive/build/CMakeFiles/CMakeTmp »
gmake[1]: Avertissement : le fichier « CMakeFiles/cmTC_2e579.dir/flags.make » a une date de modification 3240 s dans le futur
Building C object CMakeFiles/cmTC_2e579.dir/CheckIncludeFile.c.o
/usr/lib64/ccache/cc    -o CMakeFiles/cmTC_2e579.dir/CheckIncludeFile.c.o   -c /home/rpr2264a/pbrt-adaptive/build/CMakeFiles/CMakeTmp/CheckIncludeFile.c
/home/rpr2264a/pbrt-adaptive/build/CMakeFiles/CMakeTmp/CheckIncludeFile.c:1:10: erreur fatale: libunwind.h : No such file or directory
 #include <libunwind.h>
          ^~~~~~~~~~~~~
compilation terminée.
gmake[1]: *** [CMakeFiles/cmTC_2e579.dir/build.make:66: CMakeFiles/cmTC_2e579.dir/CheckIncludeFile.c.o] Error 1
gmake[1] : on quitte le répertoire « /home/rpr2264a/pbrt-adaptive/build/CMakeFiles/CMakeTmp »
gmake: *** [Makefile:126: cmTC_2e579/fast] Error 2


Determining size of unsigned __int16 failed with the following output:
Change Dir: /home/rpr2264a/pbrt-adaptive/build/CMakeFiles/CMakeTmp

Run Build Command:"/usr/bin/gmake" "cmTC_ff9f5/fast"
gmake: Avertissement : le fichier « Makefile » a une date de modification 3240 s dans le futur
/usr/bin/gmake -f CMakeFiles/cmTC_ff9f5.dir/build.make CMakeFiles/cmTC_ff9f5.dir/build
gmake[1] : on entre dans le répertoire « /home/rpr2264a/pbrt-adaptive/build/CMakeFiles/CMakeTmp »
gmake[1]: Avertissement : le fichier « CMakeFiles/cmTC_ff9f5.dir/flags.make » a une date de modification 3240 s dans le futur
Building C object CMakeFiles/cmTC_ff9f5.dir/HAVE___UINT16.c.o
/usr/lib64/ccache/cc    -o CMakeFiles/cmTC_ff9f5.dir/HAVE___UINT16.c.o   -c /home/rpr2264a/pbrt-adaptive/build/CMakeFiles/CheckTypeSize/HAVE___UINT16.c
/home/rpr2264a/pbrt-adaptive/build/CMakeFiles/CheckTypeSize/HAVE___UINT16.c:23:31: error: expected « ) » before « __int16 »
 #define SIZE (sizeof(unsigned __int16))
                               ^
/home/rpr2264a/pbrt-adaptive/build/CMakeFiles/CheckTypeSize/HAVE___UINT16.c:25:12: note: dans l'expansion de la macro « SIZE »
   ('0' + ((SIZE / 10000)%10)),
            ^~~~
/home/rpr2264a/pbrt-adaptive/build/CMakeFiles/CheckTypeSize/HAVE___UINT16.c:23:31: error: expected « ) » before « __int16 »
 #define SIZE (sizeof(unsigned __int16))
                               ^
/home/rpr2264a/pbrt-adaptive/build/CMakeFiles/CheckTypeSize/HAVE___UINT16.c:26:12: note: dans l'expansion de la macro « SIZE »
   ('0' + ((SIZE / 1000)%10)),
            ^~~~
/home/rpr2264a/pbrt-adaptive/build/CMakeFiles/CheckTypeSize/HAVE___UINT16.c:23:31: error: expected « ) » before « __int16 »
 #define SIZE (sizeof(unsigned __int16))
                               ^
/home/rpr2264a/pbrt-adaptive/build/CMakeFiles/CheckTypeSize/HAVE___UINT16.c:27:12: note: dans l'expansion de la macro « SIZE »
   ('0' + ((SIZE / 100)%10)),
            ^~~~
/home/rpr2264a/pbrt-adaptive/build/CMakeFiles/CheckTypeSize/HAVE___UINT16.c:23:31: error: expected « ) » before « __int16 »
 #define SIZE (sizeof(unsigned __int16))
                               ^
/home/rpr2264a/pbrt-adaptive/build/CMakeFiles/CheckTypeSize/HAVE___UINT16.c:28:12: note: dans l'expansion de la macro « SIZE »
   ('0' + ((SIZE / 10)%10)),
            ^~~~
/home/rpr2264a/pbrt-adaptive/build/CMakeFiles/CheckTypeSize/HAVE___UINT16.c:23:31: error: expected « ) » before « __int16 »
 #define SIZE (sizeof(unsigned __int16))
                               ^
/home/rpr2264a/pbrt-adaptive/build/CMakeFiles/CheckTypeSize/HAVE___UINT16.c:29:12: note: dans l'expansion de la macro « SIZE »
   ('0' +  (SIZE    % 10)),
            ^~~~
gmake[1]: *** [CMakeFiles/cmTC_ff9f5.dir/build.make:66: CMakeFiles/cmTC_ff9f5.dir/HAVE___UINT16.c.o] Error 1
gmake[1] : on quitte le répertoire « /home/rpr2264a/pbrt-adaptive/build/CMakeFiles/CMakeTmp »
gmake: *** [Makefile:126: cmTC_ff9f5/fast] Error 2

/home/rpr2264a/pbrt-adaptive/build/CMakeFiles/CheckTypeSize/HAVE___UINT16.c:
#include <sys/types.h>
#include <stdint.h>
#include <stddef.h>


#undef KEY
#if defined(__i386)
# define KEY '_','_','i','3','8','6'
#elif defined(__x86_64)
# define KEY '_','_','x','8','6','_','6','4'
#elif defined(__ppc__)
# define KEY '_','_','p','p','c','_','_'
#elif defined(__ppc64__)
# define KEY '_','_','p','p','c','6','4','_','_'
#elif defined(__aarch64__)
# define KEY '_','_','a','a','r','c','h','6','4','_','_'
#elif defined(__ARM_ARCH_7A__)
# define KEY '_','_','A','R','M','_','A','R','C','H','_','7','A','_','_'
#elif defined(__ARM_ARCH_7S__)
# define KEY '_','_','A','R','M','_','A','R','C','H','_','7','S','_','_'
#endif

#define SIZE (sizeof(unsigned __int16))
char info_size[] =  {'I', 'N', 'F', 'O', ':', 's','i','z','e','[',
  ('0' + ((SIZE / 10000)%10)),
  ('0' + ((SIZE / 1000)%10)),
  ('0' + ((SIZE / 100)%10)),
  ('0' + ((SIZE / 10)%10)),
  ('0' +  (SIZE    % 10)),
  ']',
#ifdef KEY
  ' ','k','e','y','[', KEY, ']',
#endif
  '\0'};

#ifdef __CLASSIC_C__
int main(argc, argv) int argc; char *argv[];
#else
int main(int argc, char *argv[])
#endif
{
  int require = 0;
  require += info_size[argc];
  (void)argv;
  return require;
}


Determining if the function dladdr exists failed with the following output:
Change Dir: /home/rpr2264a/pbrt-adaptive/build/CMakeFiles/CMakeTmp

Run Build Command:"/usr/bin/gmake" "cmTC_8b14f/fast"
gmake: Avertissement : le fichier « Makefile » a une date de modification 3240 s dans le futur
/usr/bin/gmake -f CMakeFiles/cmTC_8b14f.dir/build.make CMakeFiles/cmTC_8b14f.dir/build
gmake[1] : on entre dans le répertoire « /home/rpr2264a/pbrt-adaptive/build/CMakeFiles/CMakeTmp »
gmake[1]: Avertissement : le fichier « CMakeFiles/cmTC_8b14f.dir/flags.make » a une date de modification 3240 s dans le futur
Building C object CMakeFiles/cmTC_8b14f.dir/CheckFunctionExists.c.o
/usr/lib64/ccache/cc   -DCHECK_FUNCTION_EXISTS=dladdr   -o CMakeFiles/cmTC_8b14f.dir/CheckFunctionExists.c.o   -c /usr/share/cmake/Modules/CheckFunctionExists.c
Linking C executable cmTC_8b14f
/usr/bin/cmake -E cmake_link_script CMakeFiles/cmTC_8b14f.dir/link.txt --verbose=1
/usr/lib64/ccache/cc  -DCHECK_FUNCTION_EXISTS=dladdr    -rdynamic CMakeFiles/cmTC_8b14f.dir/CheckFunctionExists.c.o  -o cmTC_8b14f 
CMakeFiles/cmTC_8b14f.dir/CheckFunctionExists.c.o : Dans la fonction « main » :
CheckFunctionExists.c:(.text+0x10) : référence indéfinie vers « dladdr »
collect2: error: ld a retourné le statut de sortie 1
gmake[1]: *** [CMakeFiles/cmTC_8b14f.dir/build.make:87: cmTC_8b14f] Error 1
gmake[1] : on quitte le répertoire « /home/rpr2264a/pbrt-adaptive/build/CMakeFiles/CMakeTmp »
gmake: *** [Makefile:126: cmTC_8b14f/fast] Error 2


Determining if the function get_static_proc_name exists in the unwind failed with the following output:
Change Dir: /home/rpr2264a/pbrt-adaptive/build/CMakeFiles/CMakeTmp

Run Build Command:"/usr/bin/gmake" "cmTC_f9d95/fast"
gmake: Avertissement : le fichier « Makefile » a une date de modification 3240 s dans le futur
/usr/bin/gmake -f CMakeFiles/cmTC_f9d95.dir/build.make CMakeFiles/cmTC_f9d95.dir/build
gmake[1] : on entre dans le répertoire « /home/rpr2264a/pbrt-adaptive/build/CMakeFiles/CMakeTmp »
gmake[1]: Avertissement : le fichier « CMakeFiles/cmTC_f9d95.dir/flags.make » a une date de modification 3240 s dans le futur
Building C object CMakeFiles/cmTC_f9d95.dir/CheckFunctionExists.c.o
/usr/lib64/ccache/cc   -DCHECK_FUNCTION_EXISTS=get_static_proc_name   -o CMakeFiles/cmTC_f9d95.dir/CheckFunctionExists.c.o   -c /usr/share/cmake/Modules/CheckFunctionExists.c
Linking C executable cmTC_f9d95
/usr/bin/cmake -E cmake_link_script CMakeFiles/cmTC_f9d95.dir/link.txt --verbose=1
/usr/lib64/ccache/cc  -DCHECK_FUNCTION_EXISTS=get_static_proc_name    -rdynamic CMakeFiles/cmTC_f9d95.dir/CheckFunctionExists.c.o  -o cmTC_f9d95 -lunwind 
/usr/bin/ld : ne peut trouver -lunwind
collect2: error: ld a retourné le statut de sortie 1
gmake[1]: *** [CMakeFiles/cmTC_f9d95.dir/build.make:87: cmTC_f9d95] Error 1
gmake[1] : on quitte le répertoire « /home/rpr2264a/pbrt-adaptive/build/CMakeFiles/CMakeTmp »
gmake: *** [Makefile:126: cmTC_f9d95/fast] Error 2


Performing C SOURCE FILE Test HAVE_RWLOCK failed with the following output:
Change Dir: /home/rpr2264a/pbrt-adaptive/build/CMakeFiles/CMakeTmp

Run Build Command:"/usr/bin/gmake" "cmTC_a82b8/fast"
gmake: Avertissement : le fichier « Makefile » a une date de modification 3240 s dans le futur
/usr/bin/gmake -f CMakeFiles/cmTC_a82b8.dir/build.make CMakeFiles/cmTC_a82b8.dir/build
gmake[1] : on entre dans le répertoire « /home/rpr2264a/pbrt-adaptive/build/CMakeFiles/CMakeTmp »
gmake[1]: Avertissement : le fichier « CMakeFiles/cmTC_a82b8.dir/flags.make » a une date de modification 3240 s dans le futur
Building C object CMakeFiles/cmTC_a82b8.dir/src.c.o
/usr/lib64/ccache/cc   -DHAVE_RWLOCK   -o CMakeFiles/cmTC_a82b8.dir/src.c.o   -c /home/rpr2264a/pbrt-adaptive/build/CMakeFiles/CMakeTmp/src.c
Linking C executable cmTC_a82b8
/usr/bin/cmake -E cmake_link_script CMakeFiles/cmTC_a82b8.dir/link.txt --verbose=1
/usr/lib64/ccache/cc  -DHAVE_RWLOCK    -rdynamic CMakeFiles/cmTC_a82b8.dir/src.c.o  -o cmTC_a82b8 
CMakeFiles/cmTC_a82b8.dir/src.c.o : Dans la fonction « main » :
src.c:(.text+0x15) : référence indéfinie vers « pthread_rwlock_init »
src.c:(.text+0x21) : référence indéfinie vers « pthread_rwlock_rdlock »
collect2: error: ld a retourné le statut de sortie 1
gmake[1]: *** [CMakeFiles/cmTC_a82b8.dir/build.make:87: cmTC_a82b8] Error 1
gmake[1] : on quitte le répertoire « /home/rpr2264a/pbrt-adaptive/build/CMakeFiles/CMakeTmp »
gmake: *** [Makefile:126: cmTC_a82b8/fast] Error 2

Source file was:

#define _XOPEN_SOURCE 500
#include <pthread.h>
int main(void)
{
  pthread_rwlock_t l;
  pthread_rwlock_init(&l, NULL);
  pthread_rwlock_rdlock(&l);
  return 0;
}

Performing C SOURCE FILE Test HAVE___DECLSPEC failed with the following output:
Change Dir: /home/rpr2264a/pbrt-adaptive/build/CMakeFiles/CMakeTmp

Run Build Command:"/usr/bin/gmake" "cmTC_a1684/fast"
gmake: Avertissement : le fichier « Makefile » a une date de modification 3240 s dans le futur
/usr/bin/gmake -f CMakeFiles/cmTC_a1684.dir/build.make CMakeFiles/cmTC_a1684.dir/build
gmake[1] : on entre dans le répertoire « /home/rpr2264a/pbrt-adaptive/build/CMakeFiles/CMakeTmp »
gmake[1]: Avertissement : le fichier « CMakeFiles/cmTC_a1684.dir/flags.make » a une date de modification 3240 s dans le futur
Building C object CMakeFiles/cmTC_a1684.dir/src.c.o
/usr/lib64/ccache/cc   -DHAVE___DECLSPEC   -o CMakeFiles/cmTC_a1684.dir/src.c.o   -c /home/rpr2264a/pbrt-adaptive/build/CMakeFiles/CMakeTmp/src.c
/home/rpr2264a/pbrt-adaptive/build/CMakeFiles/CMakeTmp/src.c:2:1: warning: le type du retour devient « int » par défaut [-Wimplicit-int]
 __declspec(selectany) int a;
 ^~~~~~~~~~
/home/rpr2264a/pbrt-adaptive/build/CMakeFiles/CMakeTmp/src.c: Dans la fonction « __declspec »:
/home/rpr2264a/pbrt-adaptive/build/CMakeFiles/CMakeTmp/src.c:3:16: error: expected « = », « , », « ; », « asm » or « __attribute__ » before « { » token
 int main(void) { return 0; }
                ^
/home/rpr2264a/pbrt-adaptive/build/CMakeFiles/CMakeTmp/src.c:2:1: warning: le type de « selectany » devient « int » par défaut [-Wimplicit-int]
 __declspec(selectany) int a;
 ^~~~~~~~~~
/home/rpr2264a/pbrt-adaptive/build/CMakeFiles/CMakeTmp/src.c:2:27: error: déclaration du paramètre « a » mais pas de tel paramètre
 __declspec(selectany) int a;
                           ^
/home/rpr2264a/pbrt-adaptive/build/CMakeFiles/CMakeTmp/src.c:3:16: error: expected « { » at end of input
 int main(void) { return 0; }
                ^
gmake[1]: *** [CMakeFiles/cmTC_a1684.dir/build.make:66: CMakeFiles/cmTC_a1684.dir/src.c.o] Error 1
gmake[1] : on quitte le répertoire « /home/rpr2264a/pbrt-adaptive/build/CMakeFiles/CMakeTmp »
gmake: *** [Makefile:126: cmTC_a1684/fast] Error 2

Source file was:

__declspec(selectany) int a;
int main(void) { return 0; }

Performing C++ SOURCE FILE Test STL_NO_NAMESPACE failed with the following output:
Change Dir: /home/rpr2264a/pbrt-adaptive/build/CMakeFiles/CMakeTmp

Run Build Command:"/usr/bin/gmake" "cmTC_3dfdf/fast"
gmake: Avertissement : le fichier « Makefile » a une date de modification 3240 s dans le futur
/usr/bin/gmake -f CMakeFiles/cmTC_3dfdf.dir/build.make CMakeFiles/cmTC_3dfdf.dir/build
gmake[1] : on entre dans le répertoire « /home/rpr2264a/pbrt-adaptive/build/CMakeFiles/CMakeTmp »
gmake[1]: Avertissement : le fichier « CMakeFiles/cmTC_3dfdf.dir/flags.make » a une date de modification 3240 s dans le futur
Building CXX object CMakeFiles/cmTC_3dfdf.dir/src.cxx.o
/usr/lib64/ccache/c++    -std=gnu++11 -Wno-conversion-null -DSTL_NO_NAMESPACE   -o CMakeFiles/cmTC_3dfdf.dir/src.cxx.o -c /home/rpr2264a/pbrt-adaptive/build/CMakeFiles/CMakeTmp/src.cxx
/home/rpr2264a/pbrt-adaptive/build/CMakeFiles/CMakeTmp/src.cxx:3:1: error: « vector » ne nomme pas un type
 vector<int> t; int main() { }
 ^~~~~~
gmake[1]: *** [CMakeFiles/cmTC_3dfdf.dir/build.make:66: CMakeFiles/cmTC_3dfdf.dir/src.cxx.o] Error 1
gmake[1] : on quitte le répertoire « /home/rpr2264a/pbrt-adaptive/build/CMakeFiles/CMakeTmp »
gmake: *** [Makefile:126: cmTC_3dfdf/fast] Error 2

Source file was:

#include <vector>
vector<int> t; int main() { }

